2022-10-06 12:56:39,312 INFO org.springframework.boot.StartupInfoLogger [restartedMain] Starting CinemaSpringBootAppApplication using Java 17.0.3.1 on DESKTOP-VPT1KM9 with PID 6920 (C:\Users\Andrrr\IdeaProjects\CinemaSpringBootApp\target\classes started by Andrrr in C:\Users\Andrrr\IdeaProjects\CinemaSpringBootApp)
2022-10-06 12:56:39,313 DEBUG org.springframework.boot.StartupInfoLogger [restartedMain] Running with Spring Boot v2.7.3, Spring v5.3.22
2022-10-06 12:56:39,313 INFO org.springframework.boot.SpringApplication [restartedMain] No active profile set, falling back to 1 default profile: "default"
2022-10-06 12:56:39,585 INFO org.springframework.data.repository.config.RepositoryConfigurationDelegate [restartedMain] Bootstrapping Spring Data JPA repositories in DEFAULT mode.
2022-10-06 12:56:39,602 ERROR org.springframework.boot.SpringApplication [restartedMain] Application run failed
java.lang.TypeNotPresentException: Type ua.com.andromeda.cinemaspringbootapp.model.User not present
	at java.base/sun.reflect.generics.factory.CoreReflectionFactory.makeNamedType(CoreReflectionFactory.java:117)
	at java.base/sun.reflect.generics.visitor.Reifier.visitClassTypeSignature(Reifier.java:125)
	at java.base/sun.reflect.generics.tree.ClassTypeSignature.accept(ClassTypeSignature.java:49)
	at java.base/sun.reflect.generics.visitor.Reifier.reifyTypeArguments(Reifier.java:68)
	at java.base/sun.reflect.generics.visitor.Reifier.visitClassTypeSignature(Reifier.java:138)
	at java.base/sun.reflect.generics.tree.ClassTypeSignature.accept(ClassTypeSignature.java:49)
	at java.base/sun.reflect.generics.repository.ClassRepository.computeSuperInterfaces(ClassRepository.java:117)
	at java.base/sun.reflect.generics.repository.ClassRepository.getSuperInterfaces(ClassRepository.java:95)
	at java.base/java.lang.Class.getGenericInterfaces(Class.java:1211)
	at org.springframework.core.ResolvableType.getInterfaces(ResolvableType.java:501)
	at org.springframework.core.GenericTypeResolver.buildTypeVariableMap(GenericTypeResolver.java:271)
	at org.springframework.core.GenericTypeResolver.getTypeVariableMap(GenericTypeResolver.java:248)
	at org.springframework.data.util.ClassTypeInformation.getTypeVariableMap(ClassTypeInformation.java:120)
	at org.springframework.data.util.ClassTypeInformation.getTypeVariableMap(ClassTypeInformation.java:109)
	at org.springframework.data.util.ClassTypeInformation.<init>(ClassTypeInformation.java:96)
	at java.base/java.util.concurrent.ConcurrentMap.computeIfAbsent(ConcurrentMap.java:330)
	at org.springframework.data.util.ClassTypeInformation.from(ClassTypeInformation.java:73)
	at org.springframework.data.repository.core.support.AbstractRepositoryMetadata.<init>(AbstractRepositoryMetadata.java:63)
	at org.springframework.data.repository.core.support.DefaultRepositoryMetadata.<init>(DefaultRepositoryMetadata.java:50)
	at org.springframework.data.repository.core.support.AbstractRepositoryMetadata.getMetadata(AbstractRepositoryMetadata.java:78)
	at org.springframework.data.repository.config.RepositoryConfigurationExtensionSupport.getRepositoryConfigurations(RepositoryConfigurationExtensionSupport.java:104)
	at org.springframework.data.repository.config.RepositoryConfigurationDelegate.registerRepositoriesIn(RepositoryConfigurationDelegate.java:159)
	at org.springframework.data.repository.config.RepositoryBeanDefinitionRegistrarSupport.registerBeanDefinitions(RepositoryBeanDefinitionRegistrarSupport.java:106)
	at org.springframework.context.annotation.ConfigurationClassBeanDefinitionReader.lambda$loadBeanDefinitionsFromRegistrars$1(ConfigurationClassBeanDefinitionReader.java:396)
	at java.base/java.util.LinkedHashMap.forEach(LinkedHashMap.java:721)
	at org.springframework.context.annotation.ConfigurationClassBeanDefinitionReader.loadBeanDefinitionsFromRegistrars(ConfigurationClassBeanDefinitionReader.java:395)
	at org.springframework.context.annotation.ConfigurationClassBeanDefinitionReader.loadBeanDefinitionsForConfigurationClass(ConfigurationClassBeanDefinitionReader.java:157)
	at org.springframework.context.annotation.ConfigurationClassBeanDefinitionReader.loadBeanDefinitions(ConfigurationClassBeanDefinitionReader.java:129)
	at org.springframework.context.annotation.ConfigurationClassPostProcessor.processConfigBeanDefinitions(ConfigurationClassPostProcessor.java:343)
	at org.springframework.context.annotation.ConfigurationClassPostProcessor.postProcessBeanDefinitionRegistry(ConfigurationClassPostProcessor.java:247)
	at org.springframework.context.support.PostProcessorRegistrationDelegate.invokeBeanDefinitionRegistryPostProcessors(PostProcessorRegistrationDelegate.java:311)
	at org.springframework.context.support.PostProcessorRegistrationDelegate.invokeBeanFactoryPostProcessors(PostProcessorRegistrationDelegate.java:112)
	at org.springframework.context.support.AbstractApplicationContext.invokeBeanFactoryPostProcessors(AbstractApplicationContext.java:746)
	at org.springframework.context.support.AbstractApplicationContext.refresh(AbstractApplicationContext.java:564)
	at org.springframework.boot.web.servlet.context.ServletWebServerApplicationContext.refresh(ServletWebServerApplicationContext.java:147)
	at org.springframework.boot.SpringApplication.refresh(SpringApplication.java:734)
	at org.springframework.boot.SpringApplication.refreshContext(SpringApplication.java:408)
	at org.springframework.boot.SpringApplication.run(SpringApplication.java:308)
	at org.springframework.boot.SpringApplication.run(SpringApplication.java:1306)
	at org.springframework.boot.SpringApplication.run(SpringApplication.java:1295)
	at ua.com.andromeda.cinemaspringbootapp.CinemaSpringBootAppApplication.main(CinemaSpringBootAppApplication.java:14)
	at java.base/jdk.internal.reflect.NativeMethodAccessorImpl.invoke0(Native Method)
	at java.base/jdk.internal.reflect.NativeMethodAccessorImpl.invoke(NativeMethodAccessorImpl.java:77)
	at java.base/jdk.internal.reflect.DelegatingMethodAccessorImpl.invoke(DelegatingMethodAccessorImpl.java:43)
	at java.base/java.lang.reflect.Method.invoke(Method.java:568)
	at org.springframework.boot.devtools.restart.RestartLauncher.run(RestartLauncher.java:49)
Caused by: java.lang.ClassNotFoundException: ua.com.andromeda.cinemaspringbootapp.model.User
	at java.base/jdk.internal.loader.BuiltinClassLoader.loadClass(BuiltinClassLoader.java:641)
	at java.base/jdk.internal.loader.ClassLoaders$AppClassLoader.loadClass(ClassLoaders.java:188)
	at java.base/java.lang.ClassLoader.loadClass(ClassLoader.java:520)
	at java.base/java.lang.Class.forName0(Native Method)
	at java.base/java.lang.Class.forName(Class.java:467)
	at org.springframework.boot.devtools.restart.classloader.RestartClassLoader.loadClass(RestartClassLoader.java:145)
	at java.base/java.lang.ClassLoader.loadClass(ClassLoader.java:520)
	at java.base/java.lang.Class.forName0(Native Method)
	at java.base/java.lang.Class.forName(Class.java:467)
	at java.base/sun.reflect.generics.factory.CoreReflectionFactory.makeNamedType(CoreReflectionFactory.java:114)
	... 45 common frames omitted
2022-10-06 12:59:55,827 INFO org.hibernate.validator.internal.util.Version [background-preinit] HV000001: Hibernate Validator 6.2.4.Final
2022-10-06 12:59:55,828 INFO org.springframework.boot.StartupInfoLogger [restartedMain] Starting CinemaSpringBootAppApplication using Java 17.0.3.1 on DESKTOP-VPT1KM9 with PID 3212 (C:\Users\Andrrr\IdeaProjects\CinemaSpringBootApp\target\classes started by Andrrr in C:\Users\Andrrr\IdeaProjects\CinemaSpringBootApp)
2022-10-06 12:59:55,829 DEBUG org.springframework.boot.StartupInfoLogger [restartedMain] Running with Spring Boot v2.7.3, Spring v5.3.22
2022-10-06 12:59:55,829 INFO org.springframework.boot.SpringApplication [restartedMain] No active profile set, falling back to 1 default profile: "default"
2022-10-06 12:59:55,877 INFO org.springframework.boot.logging.DeferredLog [restartedMain] Devtools property defaults active! Set 'spring.devtools.add-properties' to 'false' to disable
2022-10-06 12:59:55,877 INFO org.springframework.boot.logging.DeferredLog [restartedMain] For additional web related logging consider setting the 'logging.level.web' property to 'DEBUG'
2022-10-06 12:59:56,254 INFO org.springframework.data.repository.config.RepositoryConfigurationDelegate [restartedMain] Bootstrapping Spring Data JPA repositories in DEFAULT mode.
2022-10-06 12:59:56,305 INFO org.springframework.data.repository.config.RepositoryConfigurationDelegate [restartedMain] Finished Spring Data repository scanning in 42 ms. Found 5 JPA repository interfaces.
2022-10-06 12:59:56,875 INFO org.springframework.boot.web.embedded.tomcat.TomcatWebServer [restartedMain] Tomcat initialized with port(s): 8080 (http)
2022-10-06 12:59:56,882 INFO org.apache.juli.logging.DirectJDKLog [restartedMain] Initializing ProtocolHandler ["http-nio-8080"]
2022-10-06 12:59:56,882 INFO org.apache.juli.logging.DirectJDKLog [restartedMain] Starting service [Tomcat]
2022-10-06 12:59:56,882 INFO org.apache.juli.logging.DirectJDKLog [restartedMain] Starting Servlet engine: [Apache Tomcat/9.0.65]
2022-10-06 12:59:56,932 INFO org.apache.juli.logging.DirectJDKLog [restartedMain] Initializing Spring embedded WebApplicationContext
2022-10-06 12:59:56,932 INFO org.springframework.boot.web.servlet.context.ServletWebServerApplicationContext [restartedMain] Root WebApplicationContext: initialization completed in 1054 ms
2022-10-06 12:59:57,040 INFO org.flywaydb.core.internal.logging.slf4j.Slf4jLog [restartedMain] Flyway Community Edition 8.5.13 by Redgate
2022-10-06 12:59:57,041 INFO org.flywaydb.core.internal.logging.slf4j.Slf4jLog [restartedMain] See what's new here: https://flywaydb.org/documentation/learnmore/releaseNotes#8.5.13
2022-10-06 12:59:57,041 INFO org.flywaydb.core.internal.logging.slf4j.Slf4jLog [restartedMain] 
2022-10-06 12:59:57,208 INFO org.flywaydb.core.internal.logging.slf4j.Slf4jLog [restartedMain] Database: jdbc:postgresql://localhost:5432/cinema (PostgreSQL 14.5)
2022-10-06 12:59:57,295 INFO org.flywaydb.core.internal.logging.slf4j.Slf4jLog [restartedMain] Successfully validated 12 migrations (execution time 00:00.066s)
2022-10-06 12:59:57,300 INFO org.flywaydb.core.internal.logging.slf4j.Slf4jLog [restartedMain] Current version of schema "public": 4.1
2022-10-06 12:59:57,301 INFO org.flywaydb.core.internal.logging.slf4j.Slf4jLog [restartedMain] Schema "public" is up to date. No migration necessary.
2022-10-06 12:59:57,339 INFO org.hibernate.jpa.internal.util.LogHelper [restartedMain] HHH000204: Processing PersistenceUnitInfo [name: default]
2022-10-06 12:59:57,374 INFO org.hibernate.Version [restartedMain] HHH000412: Hibernate ORM core version 5.6.10.Final
2022-10-06 12:59:57,476 INFO org.hibernate.annotations.common.reflection.java.JavaReflectionManager [restartedMain] HCANN000001: Hibernate Commons Annotations {5.1.2.Final}
2022-10-06 12:59:57,548 INFO com.zaxxer.hikari.HikariDataSource [restartedMain] HikariPool-1 - Starting...
2022-10-06 12:59:57,588 INFO com.zaxxer.hikari.HikariDataSource [restartedMain] HikariPool-1 - Start completed.
2022-10-06 12:59:57,602 INFO org.hibernate.dialect.Dialect [restartedMain] HHH000400: Using dialect: org.hibernate.dialect.PostgreSQL10Dialect
2022-10-06 12:59:57,987 INFO org.hibernate.tuple.PojoInstantiator [restartedMain] HHH000182: No default (no-argument) constructor for class: ua.com.andromeda.cinemaspringbootapp.model.TicketType (class must be instantiated by Interceptor)
2022-10-06 12:59:58,235 INFO org.hibernate.engine.transaction.jta.platform.internal.JtaPlatformInitiator [restartedMain] HHH000490: Using JtaPlatform implementation: [org.hibernate.engine.transaction.jta.platform.internal.NoJtaPlatform]
2022-10-06 12:59:58,239 INFO org.springframework.orm.jpa.AbstractEntityManagerFactoryBean [restartedMain] Initialized JPA EntityManagerFactory for persistence unit 'default'
2022-10-06 12:59:58,631 INFO org.springframework.security.web.DefaultSecurityFilterChain [restartedMain] Will secure any request with [org.springframework.security.web.session.DisableEncodeUrlFilter@577cda1e, org.springframework.security.web.context.request.async.WebAsyncManagerIntegrationFilter@4fc66a86, org.springframework.security.web.context.SecurityContextPersistenceFilter@404ddb87, org.springframework.security.web.header.HeaderWriterFilter@20150b01, org.springframework.security.web.csrf.CsrfFilter@347f0019, org.springframework.security.web.authentication.logout.LogoutFilter@d579cc2, org.springframework.security.web.authentication.UsernamePasswordAuthenticationFilter@28a75ff7, org.springframework.security.web.authentication.ui.DefaultLoginPageGeneratingFilter@33591fcd, org.springframework.security.web.authentication.ui.DefaultLogoutPageGeneratingFilter@5d8cdc6e, org.springframework.security.web.savedrequest.RequestCacheAwareFilter@8ddba11, org.springframework.security.web.servletapi.SecurityContextHolderAwareRequestFilter@3e6c4840, org.springframework.security.web.authentication.AnonymousAuthenticationFilter@3e1bf545, org.springframework.security.web.session.SessionManagementFilter@a6ac5c7, org.springframework.security.web.access.ExceptionTranslationFilter@102def19, org.springframework.security.web.access.intercept.FilterSecurityInterceptor@43eecd4b]
2022-10-06 12:59:58,890 INFO org.springframework.boot.devtools.autoconfigure.OptionalLiveReloadServer [restartedMain] LiveReload server is running on port 35729
2022-10-06 12:59:58,903 INFO org.apache.juli.logging.DirectJDKLog [restartedMain] Starting ProtocolHandler ["http-nio-8080"]
2022-10-06 12:59:58,916 INFO org.springframework.boot.web.embedded.tomcat.TomcatWebServer [restartedMain] Tomcat started on port(s): 8080 (http) with context path ''
2022-10-06 12:59:58,926 INFO org.springframework.boot.StartupInfoLogger [restartedMain] Started CinemaSpringBootAppApplication in 3.422 seconds (JVM running for 4.151)
2022-10-06 13:00:01,383 INFO org.apache.juli.logging.DirectJDKLog [http-nio-8080-exec-2] Initializing Spring DispatcherServlet 'dispatcherServlet'
2022-10-06 13:00:01,384 INFO org.springframework.web.servlet.FrameworkServlet [http-nio-8080-exec-2] Initializing Servlet 'dispatcherServlet'
2022-10-06 13:00:01,385 INFO org.springframework.web.servlet.FrameworkServlet [http-nio-8080-exec-2] Completed initialization in 1 ms
2022-10-06 13:01:46,361 INFO org.springframework.orm.jpa.AbstractEntityManagerFactoryBean [SpringApplicationShutdownHook] Closing JPA EntityManagerFactory for persistence unit 'default'
2022-10-06 13:01:46,364 INFO com.zaxxer.hikari.HikariDataSource [SpringApplicationShutdownHook] HikariPool-1 - Shutdown initiated...
2022-10-06 13:01:46,368 INFO com.zaxxer.hikari.HikariDataSource [SpringApplicationShutdownHook] HikariPool-1 - Shutdown completed.
2022-10-06 13:03:07,767 INFO org.springframework.boot.StartupInfoLogger [main] Starting CinemaSpringBootAppApplicationTests using Java 17.0.3.1 on DESKTOP-VPT1KM9 with PID 22464 (started by Andrrr in C:\Users\Andrrr\IdeaProjects\CinemaSpringBootApp)
2022-10-06 13:03:07,769 DEBUG org.springframework.boot.StartupInfoLogger [main] Running with Spring Boot v2.7.3, Spring v5.3.22
2022-10-06 13:03:07,769 INFO org.springframework.boot.SpringApplication [main] No active profile set, falling back to 1 default profile: "default"
2022-10-06 13:03:07,777 INFO org.hibernate.validator.internal.util.Version [background-preinit] HV000001: Hibernate Validator 6.2.4.Final
2022-10-06 13:03:08,301 INFO org.springframework.data.repository.config.RepositoryConfigurationDelegate [main] Bootstrapping Spring Data JPA repositories in DEFAULT mode.
2022-10-06 13:03:08,353 INFO org.springframework.data.repository.config.RepositoryConfigurationDelegate [main] Finished Spring Data repository scanning in 42 ms. Found 5 JPA repository interfaces.
2022-10-06 13:03:08,994 INFO org.flywaydb.core.internal.logging.slf4j.Slf4jLog [main] Flyway Community Edition 8.5.13 by Redgate
2022-10-06 13:03:08,995 INFO org.flywaydb.core.internal.logging.slf4j.Slf4jLog [main] See what's new here: https://flywaydb.org/documentation/learnmore/releaseNotes#8.5.13
2022-10-06 13:03:08,995 INFO org.flywaydb.core.internal.logging.slf4j.Slf4jLog [main] 
2022-10-06 13:03:09,274 INFO org.flywaydb.core.internal.logging.slf4j.Slf4jLog [main] Database: jdbc:postgresql://localhost:5432/cinema (PostgreSQL 14.5)
2022-10-06 13:03:09,354 INFO org.flywaydb.core.internal.logging.slf4j.Slf4jLog [main] Successfully validated 12 migrations (execution time 00:00.055s)
2022-10-06 13:03:09,362 INFO org.flywaydb.core.internal.logging.slf4j.Slf4jLog [main] Current version of schema "public": 4.1
2022-10-06 13:03:09,363 INFO org.flywaydb.core.internal.logging.slf4j.Slf4jLog [main] Schema "public" is up to date. No migration necessary.
2022-10-06 13:03:09,469 INFO org.hibernate.jpa.internal.util.LogHelper [main] HHH000204: Processing PersistenceUnitInfo [name: default]
2022-10-06 13:03:09,526 INFO org.hibernate.Version [main] HHH000412: Hibernate ORM core version 5.6.10.Final
2022-10-06 13:03:09,662 INFO org.hibernate.annotations.common.reflection.java.JavaReflectionManager [main] HCANN000001: Hibernate Commons Annotations {5.1.2.Final}
2022-10-06 13:03:09,764 INFO com.zaxxer.hikari.HikariDataSource [main] HikariPool-1 - Starting...
2022-10-06 13:03:09,808 INFO com.zaxxer.hikari.HikariDataSource [main] HikariPool-1 - Start completed.
2022-10-06 13:03:09,834 INFO org.hibernate.dialect.Dialect [main] HHH000400: Using dialect: org.hibernate.dialect.PostgreSQL10Dialect
2022-10-06 13:03:10,396 INFO org.hibernate.tuple.PojoInstantiator [main] HHH000182: No default (no-argument) constructor for class: ua.com.andromeda.cinemaspringbootapp.model.TicketType (class must be instantiated by Interceptor)
2022-10-06 13:03:10,708 INFO org.hibernate.engine.transaction.jta.platform.internal.JtaPlatformInitiator [main] HHH000490: Using JtaPlatform implementation: [org.hibernate.engine.transaction.jta.platform.internal.NoJtaPlatform]
2022-10-06 13:03:10,715 INFO org.springframework.orm.jpa.AbstractEntityManagerFactoryBean [main] Initialized JPA EntityManagerFactory for persistence unit 'default'
2022-10-06 13:03:11,379 INFO org.springframework.security.web.DefaultSecurityFilterChain [main] Will secure any request with [org.springframework.security.web.session.DisableEncodeUrlFilter@76bdfc19, org.springframework.security.web.context.request.async.WebAsyncManagerIntegrationFilter@1248f83, org.springframework.security.web.context.SecurityContextPersistenceFilter@6d38a81d, org.springframework.security.web.header.HeaderWriterFilter@3962b216, org.springframework.security.web.csrf.CsrfFilter@36f80ceb, org.springframework.security.web.authentication.logout.LogoutFilter@73dd3a46, org.springframework.security.web.authentication.UsernamePasswordAuthenticationFilter@f6e3b67, org.springframework.security.web.authentication.ui.DefaultLoginPageGeneratingFilter@468eff41, org.springframework.security.web.authentication.ui.DefaultLogoutPageGeneratingFilter@5c28009f, org.springframework.security.web.savedrequest.RequestCacheAwareFilter@61d527ac, org.springframework.security.web.servletapi.SecurityContextHolderAwareRequestFilter@498503cb, org.springframework.security.web.authentication.AnonymousAuthenticationFilter@19b0a9f2, org.springframework.security.web.session.SessionManagementFilter@7602c65d, org.springframework.security.web.access.ExceptionTranslationFilter@311453ab, org.springframework.security.web.access.intercept.FilterSecurityInterceptor@109188b4]
2022-10-06 13:03:12,106 INFO org.springframework.boot.StartupInfoLogger [main] Started CinemaSpringBootAppApplicationTests in 4.651 seconds (JVM running for 5.423)
2022-10-06 13:03:12,296 INFO org.springframework.orm.jpa.AbstractEntityManagerFactoryBean [SpringApplicationShutdownHook] Closing JPA EntityManagerFactory for persistence unit 'default'
2022-10-06 13:03:12,297 INFO com.zaxxer.hikari.HikariDataSource [SpringApplicationShutdownHook] HikariPool-1 - Shutdown initiated...
2022-10-06 13:03:12,300 INFO com.zaxxer.hikari.HikariDataSource [SpringApplicationShutdownHook] HikariPool-1 - Shutdown completed.
2022-10-06 13:04:01,227 INFO org.springframework.boot.StartupInfoLogger [restartedMain] Starting CinemaSpringBootAppApplication using Java 17.0.3.1 on DESKTOP-VPT1KM9 with PID 7692 (C:\Users\Andrrr\IdeaProjects\CinemaSpringBootApp\target\classes started by Andrrr in C:\Users\Andrrr\IdeaProjects\CinemaSpringBootApp)
2022-10-06 13:04:01,228 DEBUG org.springframework.boot.StartupInfoLogger [restartedMain] Running with Spring Boot v2.7.3, Spring v5.3.22
2022-10-06 13:04:01,228 INFO org.hibernate.validator.internal.util.Version [background-preinit] HV000001: Hibernate Validator 6.2.4.Final
2022-10-06 13:04:01,228 INFO org.springframework.boot.SpringApplication [restartedMain] No active profile set, falling back to 1 default profile: "default"
2022-10-06 13:04:01,262 INFO org.springframework.boot.logging.DeferredLog [restartedMain] Devtools property defaults active! Set 'spring.devtools.add-properties' to 'false' to disable
2022-10-06 13:04:01,263 INFO org.springframework.boot.logging.DeferredLog [restartedMain] For additional web related logging consider setting the 'logging.level.web' property to 'DEBUG'
2022-10-06 13:04:01,556 INFO org.springframework.data.repository.config.RepositoryConfigurationDelegate [restartedMain] Bootstrapping Spring Data JPA repositories in DEFAULT mode.
2022-10-06 13:04:01,592 INFO org.springframework.data.repository.config.RepositoryConfigurationDelegate [restartedMain] Finished Spring Data repository scanning in 31 ms. Found 5 JPA repository interfaces.
2022-10-06 13:04:02,044 INFO org.springframework.boot.web.embedded.tomcat.TomcatWebServer [restartedMain] Tomcat initialized with port(s): 8080 (http)
2022-10-06 13:04:02,049 INFO org.apache.juli.logging.DirectJDKLog [restartedMain] Initializing ProtocolHandler ["http-nio-8080"]
2022-10-06 13:04:02,049 INFO org.apache.juli.logging.DirectJDKLog [restartedMain] Starting service [Tomcat]
2022-10-06 13:04:02,051 INFO org.apache.juli.logging.DirectJDKLog [restartedMain] Starting Servlet engine: [Apache Tomcat/9.0.65]
2022-10-06 13:04:02,096 INFO org.apache.juli.logging.DirectJDKLog [restartedMain] Initializing Spring embedded WebApplicationContext
2022-10-06 13:04:02,096 INFO org.springframework.boot.web.servlet.context.ServletWebServerApplicationContext [restartedMain] Root WebApplicationContext: initialization completed in 833 ms
2022-10-06 13:04:02,192 INFO org.flywaydb.core.internal.logging.slf4j.Slf4jLog [restartedMain] Flyway Community Edition 8.5.13 by Redgate
2022-10-06 13:04:02,193 INFO org.flywaydb.core.internal.logging.slf4j.Slf4jLog [restartedMain] See what's new here: https://flywaydb.org/documentation/learnmore/releaseNotes#8.5.13
2022-10-06 13:04:02,193 INFO org.flywaydb.core.internal.logging.slf4j.Slf4jLog [restartedMain] 
2022-10-06 13:04:02,287 INFO org.flywaydb.core.internal.logging.slf4j.Slf4jLog [restartedMain] Database: jdbc:postgresql://localhost:5432/cinema (PostgreSQL 14.5)
2022-10-06 13:04:02,319 INFO org.flywaydb.core.internal.logging.slf4j.Slf4jLog [restartedMain] Successfully validated 12 migrations (execution time 00:00.021s)
2022-10-06 13:04:02,325 INFO org.flywaydb.core.internal.logging.slf4j.Slf4jLog [restartedMain] Current version of schema "public": 4.1
2022-10-06 13:04:02,325 INFO org.flywaydb.core.internal.logging.slf4j.Slf4jLog [restartedMain] Schema "public" is up to date. No migration necessary.
2022-10-06 13:04:02,353 INFO org.hibernate.jpa.internal.util.LogHelper [restartedMain] HHH000204: Processing PersistenceUnitInfo [name: default]
2022-10-06 13:04:02,380 INFO org.hibernate.Version [restartedMain] HHH000412: Hibernate ORM core version 5.6.10.Final
2022-10-06 13:04:02,451 INFO org.hibernate.annotations.common.reflection.java.JavaReflectionManager [restartedMain] HCANN000001: Hibernate Commons Annotations {5.1.2.Final}
2022-10-06 13:04:02,505 INFO com.zaxxer.hikari.HikariDataSource [restartedMain] HikariPool-1 - Starting...
2022-10-06 13:04:02,548 INFO com.zaxxer.hikari.HikariDataSource [restartedMain] HikariPool-1 - Start completed.
2022-10-06 13:04:02,556 INFO org.hibernate.dialect.Dialect [restartedMain] HHH000400: Using dialect: org.hibernate.dialect.PostgreSQL10Dialect
2022-10-06 13:04:02,905 INFO org.hibernate.tuple.PojoInstantiator [restartedMain] HHH000182: No default (no-argument) constructor for class: ua.com.andromeda.cinemaspringbootapp.model.TicketType (class must be instantiated by Interceptor)
2022-10-06 13:04:03,107 INFO org.hibernate.engine.transaction.jta.platform.internal.JtaPlatformInitiator [restartedMain] HHH000490: Using JtaPlatform implementation: [org.hibernate.engine.transaction.jta.platform.internal.NoJtaPlatform]
2022-10-06 13:04:03,110 INFO org.springframework.orm.jpa.AbstractEntityManagerFactoryBean [restartedMain] Initialized JPA EntityManagerFactory for persistence unit 'default'
2022-10-06 13:04:03,452 INFO org.springframework.security.web.DefaultSecurityFilterChain [restartedMain] Will secure any request with [org.springframework.security.web.session.DisableEncodeUrlFilter@2fc57edf, org.springframework.security.web.context.request.async.WebAsyncManagerIntegrationFilter@3b7b55b2, org.springframework.security.web.context.SecurityContextPersistenceFilter@4f7d0ad, org.springframework.security.web.header.HeaderWriterFilter@65242af1, org.springframework.security.web.csrf.CsrfFilter@609416a8, org.springframework.security.web.authentication.logout.LogoutFilter@749695c6, org.springframework.security.web.authentication.UsernamePasswordAuthenticationFilter@140bdacd, org.springframework.security.web.authentication.ui.DefaultLoginPageGeneratingFilter@6f9095b1, org.springframework.security.web.authentication.ui.DefaultLogoutPageGeneratingFilter@716c2da2, org.springframework.security.web.savedrequest.RequestCacheAwareFilter@2aceda25, org.springframework.security.web.servletapi.SecurityContextHolderAwareRequestFilter@b4d418c, org.springframework.security.web.authentication.AnonymousAuthenticationFilter@238bff53, org.springframework.security.web.session.SessionManagementFilter@1afdf6dd, org.springframework.security.web.access.ExceptionTranslationFilter@1308722a, org.springframework.security.web.access.intercept.FilterSecurityInterceptor@800bb27]
2022-10-06 13:04:03,679 INFO org.springframework.boot.devtools.autoconfigure.OptionalLiveReloadServer [restartedMain] LiveReload server is running on port 35729
2022-10-06 13:04:03,694 INFO org.apache.juli.logging.DirectJDKLog [restartedMain] Starting ProtocolHandler ["http-nio-8080"]
2022-10-06 13:04:03,706 INFO org.springframework.boot.web.embedded.tomcat.TomcatWebServer [restartedMain] Tomcat started on port(s): 8080 (http) with context path ''
2022-10-06 13:04:03,716 INFO org.springframework.boot.StartupInfoLogger [restartedMain] Started CinemaSpringBootAppApplication in 2.73 seconds (JVM running for 3.257)
2022-10-06 13:04:03,988 INFO org.apache.juli.logging.DirectJDKLog [http-nio-8080-exec-2] Initializing Spring DispatcherServlet 'dispatcherServlet'
2022-10-06 13:04:03,988 INFO org.springframework.web.servlet.FrameworkServlet [http-nio-8080-exec-2] Initializing Servlet 'dispatcherServlet'
2022-10-06 13:04:03,989 INFO org.springframework.web.servlet.FrameworkServlet [http-nio-8080-exec-2] Completed initialization in 1 ms
2022-10-06 13:04:29,775 INFO ua.com.andromeda.cinemaspringbootapp.model.User [http-nio-8080-exec-6] User before updating : User(id=ced2a9b8-6e52-4e53-83fa-b13010b61e2f, login=client123, email=client123@gmail.com, password=client123)
2022-10-06 13:04:29,794 INFO ua.com.andromeda.cinemaspringbootapp.model.User [http-nio-8080-exec-6] User after updating : User(id=ced2a9b8-6e52-4e53-83fa-b13010b61e2f, login=client123, email=client123@gmail.com, password=client123)
2022-10-06 13:05:35,951 INFO org.springframework.boot.devtools.autoconfigure.LocalDevToolsAutoConfiguration$RestartingClassPathChangeChangedEventListener [File Watcher] Restarting due to 1 class path change (0 additions, 1 deletion, 0 modifications)
2022-10-06 13:05:35,961 INFO org.apache.juli.logging.DirectJDKLog [Thread-5] Pausing ProtocolHandler ["http-nio-8080"]
2022-10-06 13:05:35,962 INFO org.apache.juli.logging.DirectJDKLog [Thread-5] Stopping service [Tomcat]
2022-10-06 13:05:35,963 INFO org.apache.juli.logging.DirectJDKLog [Thread-5] Destroying Spring FrameworkServlet 'dispatcherServlet'
2022-10-06 13:05:35,969 INFO org.apache.juli.logging.DirectJDKLog [Thread-5] Stopping ProtocolHandler ["http-nio-8080"]
2022-10-06 13:05:35,971 INFO org.apache.juli.logging.DirectJDKLog [Thread-5] Destroying ProtocolHandler ["http-nio-8080"]
2022-10-06 13:05:35,974 INFO org.springframework.orm.jpa.AbstractEntityManagerFactoryBean [Thread-5] Closing JPA EntityManagerFactory for persistence unit 'default'
2022-10-06 13:05:35,977 INFO com.zaxxer.hikari.HikariDataSource [Thread-5] HikariPool-1 - Shutdown initiated...
2022-10-06 13:05:35,979 INFO com.zaxxer.hikari.HikariDataSource [Thread-5] HikariPool-1 - Shutdown completed.
2022-10-06 13:05:36,049 INFO org.springframework.boot.StartupInfoLogger [restartedMain] Starting CinemaSpringBootAppApplication using Java 17.0.3.1 on DESKTOP-VPT1KM9 with PID 7692 (C:\Users\Andrrr\IdeaProjects\CinemaSpringBootApp\target\classes started by Andrrr in C:\Users\Andrrr\IdeaProjects\CinemaSpringBootApp)
2022-10-06 13:05:36,049 DEBUG org.springframework.boot.StartupInfoLogger [restartedMain] Running with Spring Boot v2.7.3, Spring v5.3.22
2022-10-06 13:05:36,049 INFO org.springframework.boot.SpringApplication [restartedMain] No active profile set, falling back to 1 default profile: "default"
2022-10-06 13:05:36,187 INFO org.springframework.data.repository.config.RepositoryConfigurationDelegate [restartedMain] Bootstrapping Spring Data JPA repositories in DEFAULT mode.
2022-10-06 13:05:36,200 INFO org.springframework.data.repository.config.RepositoryConfigurationDelegate [restartedMain] Finished Spring Data repository scanning in 12 ms. Found 5 JPA repository interfaces.
2022-10-06 13:05:36,298 INFO org.springframework.boot.web.embedded.tomcat.TomcatWebServer [restartedMain] Tomcat initialized with port(s): 8080 (http)
2022-10-06 13:05:36,299 INFO org.apache.juli.logging.DirectJDKLog [restartedMain] Initializing ProtocolHandler ["http-nio-8080"]
2022-10-06 13:05:36,299 INFO org.apache.juli.logging.DirectJDKLog [restartedMain] Starting service [Tomcat]
2022-10-06 13:05:36,299 INFO org.apache.juli.logging.DirectJDKLog [restartedMain] Starting Servlet engine: [Apache Tomcat/9.0.65]
2022-10-06 13:05:36,318 INFO org.apache.juli.logging.DirectJDKLog [restartedMain] Initializing Spring embedded WebApplicationContext
2022-10-06 13:05:36,319 INFO org.springframework.boot.web.servlet.context.ServletWebServerApplicationContext [restartedMain] Root WebApplicationContext: initialization completed in 267 ms
2022-10-06 13:05:36,351 INFO org.flywaydb.core.internal.logging.slf4j.Slf4jLog [restartedMain] Flyway Community Edition 8.5.13 by Redgate
2022-10-06 13:05:36,352 INFO org.flywaydb.core.internal.logging.slf4j.Slf4jLog [restartedMain] See what's new here: https://flywaydb.org/documentation/learnmore/releaseNotes#8.5.13
2022-10-06 13:05:36,352 INFO org.flywaydb.core.internal.logging.slf4j.Slf4jLog [restartedMain] 
2022-10-06 13:05:36,388 INFO org.flywaydb.core.internal.logging.slf4j.Slf4jLog [restartedMain] Database: jdbc:postgresql://localhost:5432/cinema (PostgreSQL 14.5)
2022-10-06 13:05:36,400 INFO org.flywaydb.core.internal.logging.slf4j.Slf4jLog [restartedMain] Successfully validated 12 migrations (execution time 00:00.009s)
2022-10-06 13:05:36,403 INFO org.flywaydb.core.internal.logging.slf4j.Slf4jLog [restartedMain] Current version of schema "public": 4.1
2022-10-06 13:05:36,403 INFO org.flywaydb.core.internal.logging.slf4j.Slf4jLog [restartedMain] Schema "public" is up to date. No migration necessary.
2022-10-06 13:05:36,414 INFO org.hibernate.jpa.internal.util.LogHelper [restartedMain] HHH000204: Processing PersistenceUnitInfo [name: default]
2022-10-06 13:05:36,419 INFO com.zaxxer.hikari.HikariDataSource [restartedMain] HikariPool-2 - Starting...
2022-10-06 13:05:36,451 INFO com.zaxxer.hikari.HikariDataSource [restartedMain] HikariPool-2 - Start completed.
2022-10-06 13:05:36,451 INFO org.hibernate.dialect.Dialect [restartedMain] HHH000400: Using dialect: org.hibernate.dialect.PostgreSQL10Dialect
2022-10-06 13:05:36,499 INFO org.hibernate.tuple.PojoInstantiator [restartedMain] HHH000182: No default (no-argument) constructor for class: ua.com.andromeda.cinemaspringbootapp.model.TicketType (class must be instantiated by Interceptor)
2022-10-06 13:05:36,672 INFO org.hibernate.engine.transaction.jta.platform.internal.JtaPlatformInitiator [restartedMain] HHH000490: Using JtaPlatform implementation: [org.hibernate.engine.transaction.jta.platform.internal.NoJtaPlatform]
2022-10-06 13:05:36,673 INFO org.springframework.orm.jpa.AbstractEntityManagerFactoryBean [restartedMain] Initialized JPA EntityManagerFactory for persistence unit 'default'
2022-10-06 13:05:36,809 INFO org.springframework.security.web.DefaultSecurityFilterChain [restartedMain] Will secure any request with [org.springframework.security.web.session.DisableEncodeUrlFilter@2223fdbd, org.springframework.security.web.context.request.async.WebAsyncManagerIntegrationFilter@77ede9cb, org.springframework.security.web.context.SecurityContextPersistenceFilter@3433687c, org.springframework.security.web.header.HeaderWriterFilter@db77d44, org.springframework.security.web.csrf.CsrfFilter@292971d1, org.springframework.security.web.authentication.logout.LogoutFilter@649d6633, org.springframework.security.web.authentication.UsernamePasswordAuthenticationFilter@17faeece, org.springframework.security.web.authentication.ui.DefaultLoginPageGeneratingFilter@67dd26b8, org.springframework.security.web.authentication.ui.DefaultLogoutPageGeneratingFilter@1663e355, org.springframework.security.web.savedrequest.RequestCacheAwareFilter@36c35e1a, org.springframework.security.web.servletapi.SecurityContextHolderAwareRequestFilter@a858db, org.springframework.security.web.authentication.AnonymousAuthenticationFilter@56aff3c9, org.springframework.security.web.session.SessionManagementFilter@56763c9a, org.springframework.security.web.access.ExceptionTranslationFilter@3c67c2b2, org.springframework.security.web.access.intercept.FilterSecurityInterceptor@7cb3ab88]
2022-10-06 13:05:36,903 INFO org.springframework.boot.devtools.autoconfigure.OptionalLiveReloadServer [restartedMain] LiveReload server is running on port 35729
2022-10-06 13:05:36,909 INFO org.apache.juli.logging.DirectJDKLog [restartedMain] Starting ProtocolHandler ["http-nio-8080"]
2022-10-06 13:05:36,911 INFO org.springframework.boot.web.embedded.tomcat.TomcatWebServer [restartedMain] Tomcat started on port(s): 8080 (http) with context path ''
2022-10-06 13:05:36,914 INFO org.springframework.boot.StartupInfoLogger [restartedMain] Started CinemaSpringBootAppApplication in 0.895 seconds (JVM running for 96.456)
2022-10-06 13:05:36,916 INFO org.springframework.boot.devtools.autoconfigure.ConditionEvaluationDeltaLoggingListener [restartedMain] Condition evaluation unchanged
2022-10-06 13:05:36,929 INFO org.apache.juli.logging.DirectJDKLog [http-nio-8080-exec-1] Initializing Spring DispatcherServlet 'dispatcherServlet'
2022-10-06 13:05:36,929 INFO org.springframework.web.servlet.FrameworkServlet [http-nio-8080-exec-1] Initializing Servlet 'dispatcherServlet'
2022-10-06 13:05:36,930 INFO org.springframework.web.servlet.FrameworkServlet [http-nio-8080-exec-1] Completed initialization in 1 ms
2022-10-06 13:05:38,352 INFO org.springframework.boot.devtools.autoconfigure.LocalDevToolsAutoConfiguration$RestartingClassPathChangeChangedEventListener [File Watcher] Restarting due to 1 class path change (1 addition, 0 deletions, 0 modifications)
2022-10-06 13:05:38,358 INFO org.apache.juli.logging.DirectJDKLog [Thread-7] Pausing ProtocolHandler ["http-nio-8080"]
2022-10-06 13:05:38,358 INFO org.apache.juli.logging.DirectJDKLog [Thread-7] Stopping service [Tomcat]
2022-10-06 13:05:38,359 INFO org.apache.juli.logging.DirectJDKLog [Thread-7] Destroying Spring FrameworkServlet 'dispatcherServlet'
2022-10-06 13:05:38,361 INFO org.apache.juli.logging.DirectJDKLog [Thread-7] Stopping ProtocolHandler ["http-nio-8080"]
2022-10-06 13:05:38,362 INFO org.apache.juli.logging.DirectJDKLog [Thread-7] Destroying ProtocolHandler ["http-nio-8080"]
2022-10-06 13:05:38,364 INFO org.springframework.orm.jpa.AbstractEntityManagerFactoryBean [Thread-7] Closing JPA EntityManagerFactory for persistence unit 'default'
2022-10-06 13:05:38,366 INFO com.zaxxer.hikari.HikariDataSource [Thread-7] HikariPool-2 - Shutdown initiated...
2022-10-06 13:05:38,368 INFO com.zaxxer.hikari.HikariDataSource [Thread-7] HikariPool-2 - Shutdown completed.
2022-10-06 13:05:38,427 INFO org.springframework.boot.StartupInfoLogger [restartedMain] Starting CinemaSpringBootAppApplication using Java 17.0.3.1 on DESKTOP-VPT1KM9 with PID 7692 (C:\Users\Andrrr\IdeaProjects\CinemaSpringBootApp\target\classes started by Andrrr in C:\Users\Andrrr\IdeaProjects\CinemaSpringBootApp)
2022-10-06 13:05:38,428 DEBUG org.springframework.boot.StartupInfoLogger [restartedMain] Running with Spring Boot v2.7.3, Spring v5.3.22
2022-10-06 13:05:38,428 INFO org.springframework.boot.SpringApplication [restartedMain] No active profile set, falling back to 1 default profile: "default"
2022-10-06 13:05:38,515 INFO org.springframework.data.repository.config.RepositoryConfigurationDelegate [restartedMain] Bootstrapping Spring Data JPA repositories in DEFAULT mode.
2022-10-06 13:05:38,530 INFO org.springframework.data.repository.config.RepositoryConfigurationDelegate [restartedMain] Finished Spring Data repository scanning in 8 ms. Found 5 JPA repository interfaces.
2022-10-06 13:05:38,607 INFO org.springframework.boot.web.embedded.tomcat.TomcatWebServer [restartedMain] Tomcat initialized with port(s): 8080 (http)
2022-10-06 13:05:38,607 INFO org.apache.juli.logging.DirectJDKLog [restartedMain] Initializing ProtocolHandler ["http-nio-8080"]
2022-10-06 13:05:38,610 INFO org.apache.juli.logging.DirectJDKLog [restartedMain] Starting service [Tomcat]
2022-10-06 13:05:38,610 INFO org.apache.juli.logging.DirectJDKLog [restartedMain] Starting Servlet engine: [Apache Tomcat/9.0.65]
2022-10-06 13:05:38,625 INFO org.apache.juli.logging.DirectJDKLog [restartedMain] Initializing Spring embedded WebApplicationContext
2022-10-06 13:05:38,625 INFO org.springframework.boot.web.servlet.context.ServletWebServerApplicationContext [restartedMain] Root WebApplicationContext: initialization completed in 195 ms
2022-10-06 13:05:38,651 INFO org.flywaydb.core.internal.logging.slf4j.Slf4jLog [restartedMain] Flyway Community Edition 8.5.13 by Redgate
2022-10-06 13:05:38,651 INFO org.flywaydb.core.internal.logging.slf4j.Slf4jLog [restartedMain] See what's new here: https://flywaydb.org/documentation/learnmore/releaseNotes#8.5.13
2022-10-06 13:05:38,651 INFO org.flywaydb.core.internal.logging.slf4j.Slf4jLog [restartedMain] 
2022-10-06 13:05:38,681 INFO org.flywaydb.core.internal.logging.slf4j.Slf4jLog [restartedMain] Database: jdbc:postgresql://localhost:5432/cinema (PostgreSQL 14.5)
2022-10-06 13:05:38,690 INFO org.flywaydb.core.internal.logging.slf4j.Slf4jLog [restartedMain] Successfully validated 12 migrations (execution time 00:00.006s)
2022-10-06 13:05:38,692 INFO org.flywaydb.core.internal.logging.slf4j.Slf4jLog [restartedMain] Current version of schema "public": 4.1
2022-10-06 13:05:38,693 INFO org.flywaydb.core.internal.logging.slf4j.Slf4jLog [restartedMain] Schema "public" is up to date. No migration necessary.
2022-10-06 13:05:38,701 INFO org.hibernate.jpa.internal.util.LogHelper [restartedMain] HHH000204: Processing PersistenceUnitInfo [name: default]
2022-10-06 13:05:38,706 INFO com.zaxxer.hikari.HikariDataSource [restartedMain] HikariPool-3 - Starting...
2022-10-06 13:05:38,742 INFO com.zaxxer.hikari.HikariDataSource [restartedMain] HikariPool-3 - Start completed.
2022-10-06 13:05:38,742 INFO org.hibernate.dialect.Dialect [restartedMain] HHH000400: Using dialect: org.hibernate.dialect.PostgreSQL10Dialect
2022-10-06 13:05:38,787 INFO org.hibernate.tuple.PojoInstantiator [restartedMain] HHH000182: No default (no-argument) constructor for class: ua.com.andromeda.cinemaspringbootapp.model.TicketType (class must be instantiated by Interceptor)
2022-10-06 13:05:38,932 INFO org.hibernate.engine.transaction.jta.platform.internal.JtaPlatformInitiator [restartedMain] HHH000490: Using JtaPlatform implementation: [org.hibernate.engine.transaction.jta.platform.internal.NoJtaPlatform]
2022-10-06 13:05:38,932 INFO org.springframework.orm.jpa.AbstractEntityManagerFactoryBean [restartedMain] Initialized JPA EntityManagerFactory for persistence unit 'default'
2022-10-06 13:05:39,050 INFO org.springframework.security.web.DefaultSecurityFilterChain [restartedMain] Will secure any request with [org.springframework.security.web.session.DisableEncodeUrlFilter@471ae47c, org.springframework.security.web.context.request.async.WebAsyncManagerIntegrationFilter@1952744d, org.springframework.security.web.context.SecurityContextPersistenceFilter@31296d7c, org.springframework.security.web.header.HeaderWriterFilter@807a820, org.springframework.security.web.csrf.CsrfFilter@1a7b4389, org.springframework.security.web.authentication.logout.LogoutFilter@1d0c845c, org.springframework.security.web.authentication.UsernamePasswordAuthenticationFilter@7798a303, org.springframework.security.web.authentication.ui.DefaultLoginPageGeneratingFilter@70880bae, org.springframework.security.web.authentication.ui.DefaultLogoutPageGeneratingFilter@61da3bcb, org.springframework.security.web.savedrequest.RequestCacheAwareFilter@448a7420, org.springframework.security.web.servletapi.SecurityContextHolderAwareRequestFilter@71799239, org.springframework.security.web.authentication.AnonymousAuthenticationFilter@53681c48, org.springframework.security.web.session.SessionManagementFilter@718e0fcf, org.springframework.security.web.access.ExceptionTranslationFilter@f9f5920, org.springframework.security.web.access.intercept.FilterSecurityInterceptor@5d94bc90]
2022-10-06 13:05:39,142 INFO org.springframework.boot.devtools.autoconfigure.OptionalLiveReloadServer [restartedMain] LiveReload server is running on port 35729
2022-10-06 13:05:39,150 INFO org.apache.juli.logging.DirectJDKLog [restartedMain] Starting ProtocolHandler ["http-nio-8080"]
2022-10-06 13:05:39,152 INFO org.springframework.boot.web.embedded.tomcat.TomcatWebServer [restartedMain] Tomcat started on port(s): 8080 (http) with context path ''
2022-10-06 13:05:39,155 INFO org.springframework.boot.StartupInfoLogger [restartedMain] Started CinemaSpringBootAppApplication in 0.748 seconds (JVM running for 98.696)
2022-10-06 13:05:39,156 INFO org.springframework.boot.devtools.autoconfigure.ConditionEvaluationDeltaLoggingListener [restartedMain] Condition evaluation unchanged
2022-10-06 13:06:05,981 INFO org.springframework.orm.jpa.AbstractEntityManagerFactoryBean [SpringApplicationShutdownHook] Closing JPA EntityManagerFactory for persistence unit 'default'
2022-10-06 13:06:05,982 INFO com.zaxxer.hikari.HikariDataSource [SpringApplicationShutdownHook] HikariPool-3 - Shutdown initiated...
2022-10-06 13:06:05,985 INFO com.zaxxer.hikari.HikariDataSource [SpringApplicationShutdownHook] HikariPool-3 - Shutdown completed.
2022-10-06 13:08:08,000 INFO org.hibernate.validator.internal.util.Version [background-preinit] HV000001: Hibernate Validator 6.2.4.Final
2022-10-06 13:08:08,001 INFO org.springframework.boot.StartupInfoLogger [restartedMain] Starting CinemaSpringBootAppApplication using Java 17.0.3.1 on DESKTOP-VPT1KM9 with PID 19592 (C:\Users\Andrrr\IdeaProjects\CinemaSpringBootApp\target\classes started by Andrrr in C:\Users\Andrrr\IdeaProjects\CinemaSpringBootApp)
2022-10-06 13:08:08,001 DEBUG org.springframework.boot.StartupInfoLogger [restartedMain] Running with Spring Boot v2.7.3, Spring v5.3.22
2022-10-06 13:08:08,002 INFO org.springframework.boot.SpringApplication [restartedMain] No active profile set, falling back to 1 default profile: "default"
2022-10-06 13:08:08,043 INFO org.springframework.boot.logging.DeferredLog [restartedMain] Devtools property defaults active! Set 'spring.devtools.add-properties' to 'false' to disable
2022-10-06 13:08:08,043 INFO org.springframework.boot.logging.DeferredLog [restartedMain] For additional web related logging consider setting the 'logging.level.web' property to 'DEBUG'
2022-10-06 13:08:08,349 INFO org.springframework.data.repository.config.RepositoryConfigurationDelegate [restartedMain] Bootstrapping Spring Data JPA repositories in DEFAULT mode.
2022-10-06 13:08:08,394 INFO org.springframework.data.repository.config.RepositoryConfigurationDelegate [restartedMain] Finished Spring Data repository scanning in 39 ms. Found 5 JPA repository interfaces.
2022-10-06 13:08:08,837 INFO org.springframework.boot.web.embedded.tomcat.TomcatWebServer [restartedMain] Tomcat initialized with port(s): 8080 (http)
2022-10-06 13:08:08,843 INFO org.apache.juli.logging.DirectJDKLog [restartedMain] Initializing ProtocolHandler ["http-nio-8080"]
2022-10-06 13:08:08,844 INFO org.apache.juli.logging.DirectJDKLog [restartedMain] Starting service [Tomcat]
2022-10-06 13:08:08,844 INFO org.apache.juli.logging.DirectJDKLog [restartedMain] Starting Servlet engine: [Apache Tomcat/9.0.65]
2022-10-06 13:08:08,890 INFO org.apache.juli.logging.DirectJDKLog [restartedMain] Initializing Spring embedded WebApplicationContext
2022-10-06 13:08:08,891 INFO org.springframework.boot.web.servlet.context.ServletWebServerApplicationContext [restartedMain] Root WebApplicationContext: initialization completed in 847 ms
2022-10-06 13:08:08,986 INFO org.flywaydb.core.internal.logging.slf4j.Slf4jLog [restartedMain] Flyway Community Edition 8.5.13 by Redgate
2022-10-06 13:08:08,986 INFO org.flywaydb.core.internal.logging.slf4j.Slf4jLog [restartedMain] See what's new here: https://flywaydb.org/documentation/learnmore/releaseNotes#8.5.13
2022-10-06 13:08:08,986 INFO org.flywaydb.core.internal.logging.slf4j.Slf4jLog [restartedMain] 
2022-10-06 13:08:09,084 INFO org.flywaydb.core.internal.logging.slf4j.Slf4jLog [restartedMain] Database: jdbc:postgresql://localhost:5432/cinema (PostgreSQL 14.5)
2022-10-06 13:08:09,118 INFO org.flywaydb.core.internal.logging.slf4j.Slf4jLog [restartedMain] Successfully validated 12 migrations (execution time 00:00.021s)
2022-10-06 13:08:09,123 INFO org.flywaydb.core.internal.logging.slf4j.Slf4jLog [restartedMain] Current version of schema "public": 4.1
2022-10-06 13:08:09,123 INFO org.flywaydb.core.internal.logging.slf4j.Slf4jLog [restartedMain] Schema "public" is up to date. No migration necessary.
2022-10-06 13:08:09,147 INFO org.hibernate.jpa.internal.util.LogHelper [restartedMain] HHH000204: Processing PersistenceUnitInfo [name: default]
2022-10-06 13:08:09,178 INFO org.hibernate.Version [restartedMain] HHH000412: Hibernate ORM core version 5.6.10.Final
2022-10-06 13:08:09,251 INFO org.hibernate.annotations.common.reflection.java.JavaReflectionManager [restartedMain] HCANN000001: Hibernate Commons Annotations {5.1.2.Final}
2022-10-06 13:08:09,306 INFO com.zaxxer.hikari.HikariDataSource [restartedMain] HikariPool-1 - Starting...
2022-10-06 13:08:09,346 INFO com.zaxxer.hikari.HikariDataSource [restartedMain] HikariPool-1 - Start completed.
2022-10-06 13:08:09,357 INFO org.hibernate.dialect.Dialect [restartedMain] HHH000400: Using dialect: org.hibernate.dialect.PostgreSQL10Dialect
2022-10-06 13:08:09,707 INFO org.hibernate.tuple.PojoInstantiator [restartedMain] HHH000182: No default (no-argument) constructor for class: ua.com.andromeda.cinemaspringbootapp.model.TicketType (class must be instantiated by Interceptor)
2022-10-06 13:08:09,927 INFO org.hibernate.engine.transaction.jta.platform.internal.JtaPlatformInitiator [restartedMain] HHH000490: Using JtaPlatform implementation: [org.hibernate.engine.transaction.jta.platform.internal.NoJtaPlatform]
2022-10-06 13:08:09,930 INFO org.springframework.orm.jpa.AbstractEntityManagerFactoryBean [restartedMain] Initialized JPA EntityManagerFactory for persistence unit 'default'
2022-10-06 13:08:10,274 INFO org.springframework.security.web.DefaultSecurityFilterChain [restartedMain] Will secure any request with [org.springframework.security.web.session.DisableEncodeUrlFilter@75be20e8, org.springframework.security.web.context.request.async.WebAsyncManagerIntegrationFilter@693433a7, org.springframework.security.web.context.SecurityContextPersistenceFilter@42a9078e, org.springframework.security.web.header.HeaderWriterFilter@2c4654f6, org.springframework.security.web.csrf.CsrfFilter@56183778, org.springframework.security.web.authentication.logout.LogoutFilter@2130d8bc, org.springframework.security.web.authentication.UsernamePasswordAuthenticationFilter@4aabbd9, org.springframework.security.web.authentication.ui.DefaultLoginPageGeneratingFilter@68aaee1d, org.springframework.security.web.authentication.ui.DefaultLogoutPageGeneratingFilter@3811392b, org.springframework.security.web.savedrequest.RequestCacheAwareFilter@118e406c, org.springframework.security.web.servletapi.SecurityContextHolderAwareRequestFilter@51b0e6b2, org.springframework.security.web.authentication.AnonymousAuthenticationFilter@73ad347d, org.springframework.security.web.session.SessionManagementFilter@280baeeb, org.springframework.security.web.access.ExceptionTranslationFilter@3aa49f7c, org.springframework.security.web.access.intercept.FilterSecurityInterceptor@4d2c518d]
2022-10-06 13:08:10,499 INFO org.springframework.boot.devtools.autoconfigure.OptionalLiveReloadServer [restartedMain] LiveReload server is running on port 35729
2022-10-06 13:08:10,512 INFO org.apache.juli.logging.DirectJDKLog [restartedMain] Starting ProtocolHandler ["http-nio-8080"]
2022-10-06 13:08:10,523 INFO org.springframework.boot.web.embedded.tomcat.TomcatWebServer [restartedMain] Tomcat started on port(s): 8080 (http) with context path ''
2022-10-06 13:08:10,537 INFO org.springframework.boot.StartupInfoLogger [restartedMain] Started CinemaSpringBootAppApplication in 2.789 seconds (JVM running for 3.214)
2022-10-06 13:08:10,863 INFO org.apache.juli.logging.DirectJDKLog [http-nio-8080-exec-2] Initializing Spring DispatcherServlet 'dispatcherServlet'
2022-10-06 13:08:10,863 INFO org.springframework.web.servlet.FrameworkServlet [http-nio-8080-exec-2] Initializing Servlet 'dispatcherServlet'
2022-10-06 13:08:10,864 INFO org.springframework.web.servlet.FrameworkServlet [http-nio-8080-exec-2] Completed initialization in 1 ms
2022-10-06 13:08:29,460 INFO org.springframework.orm.jpa.AbstractEntityManagerFactoryBean [SpringApplicationShutdownHook] Closing JPA EntityManagerFactory for persistence unit 'default'
2022-10-06 13:08:29,461 INFO com.zaxxer.hikari.HikariDataSource [SpringApplicationShutdownHook] HikariPool-1 - Shutdown initiated...
2022-10-06 13:08:29,465 INFO com.zaxxer.hikari.HikariDataSource [SpringApplicationShutdownHook] HikariPool-1 - Shutdown completed.
2022-10-06 13:11:24,072 INFO org.springframework.boot.StartupInfoLogger [restartedMain] Starting CinemaSpringBootAppApplication using Java 17.0.3.1 on DESKTOP-VPT1KM9 with PID 768 (C:\Users\Andrrr\IdeaProjects\CinemaSpringBootApp\target\classes started by Andrrr in C:\Users\Andrrr\IdeaProjects\CinemaSpringBootApp)
2022-10-06 13:11:24,073 INFO org.hibernate.validator.internal.util.Version [background-preinit] HV000001: Hibernate Validator 6.2.4.Final
2022-10-06 13:11:24,073 DEBUG org.springframework.boot.StartupInfoLogger [restartedMain] Running with Spring Boot v2.7.3, Spring v5.3.22
2022-10-06 13:11:24,074 INFO org.springframework.boot.SpringApplication [restartedMain] No active profile set, falling back to 1 default profile: "default"
2022-10-06 13:11:24,107 INFO org.springframework.boot.logging.DeferredLog [restartedMain] Devtools property defaults active! Set 'spring.devtools.add-properties' to 'false' to disable
2022-10-06 13:11:24,108 INFO org.springframework.boot.logging.DeferredLog [restartedMain] For additional web related logging consider setting the 'logging.level.web' property to 'DEBUG'
2022-10-06 13:11:24,411 INFO org.springframework.data.repository.config.RepositoryConfigurationDelegate [restartedMain] Bootstrapping Spring Data JPA repositories in DEFAULT mode.
2022-10-06 13:11:24,451 INFO org.springframework.data.repository.config.RepositoryConfigurationDelegate [restartedMain] Finished Spring Data repository scanning in 33 ms. Found 5 JPA repository interfaces.
2022-10-06 13:11:24,895 INFO org.springframework.boot.web.embedded.tomcat.TomcatWebServer [restartedMain] Tomcat initialized with port(s): 8080 (http)
2022-10-06 13:11:24,901 INFO org.apache.juli.logging.DirectJDKLog [restartedMain] Initializing ProtocolHandler ["http-nio-8080"]
2022-10-06 13:11:24,902 INFO org.apache.juli.logging.DirectJDKLog [restartedMain] Starting service [Tomcat]
2022-10-06 13:11:24,902 INFO org.apache.juli.logging.DirectJDKLog [restartedMain] Starting Servlet engine: [Apache Tomcat/9.0.65]
2022-10-06 13:11:24,951 INFO org.apache.juli.logging.DirectJDKLog [restartedMain] Initializing Spring embedded WebApplicationContext
2022-10-06 13:11:24,952 INFO org.springframework.boot.web.servlet.context.ServletWebServerApplicationContext [restartedMain] Root WebApplicationContext: initialization completed in 844 ms
2022-10-06 13:11:25,058 INFO org.flywaydb.core.internal.logging.slf4j.Slf4jLog [restartedMain] Flyway Community Edition 8.5.13 by Redgate
2022-10-06 13:11:25,058 INFO org.flywaydb.core.internal.logging.slf4j.Slf4jLog [restartedMain] See what's new here: https://flywaydb.org/documentation/learnmore/releaseNotes#8.5.13
2022-10-06 13:11:25,058 INFO org.flywaydb.core.internal.logging.slf4j.Slf4jLog [restartedMain] 
2022-10-06 13:11:25,178 INFO org.flywaydb.core.internal.logging.slf4j.Slf4jLog [restartedMain] Database: jdbc:postgresql://localhost:5432/cinema (PostgreSQL 14.5)
2022-10-06 13:11:25,215 INFO org.flywaydb.core.internal.logging.slf4j.Slf4jLog [restartedMain] Successfully validated 12 migrations (execution time 00:00.023s)
2022-10-06 13:11:25,221 INFO org.flywaydb.core.internal.logging.slf4j.Slf4jLog [restartedMain] Current version of schema "public": 4.1
2022-10-06 13:11:25,222 INFO org.flywaydb.core.internal.logging.slf4j.Slf4jLog [restartedMain] Schema "public" is up to date. No migration necessary.
2022-10-06 13:11:25,263 INFO org.hibernate.jpa.internal.util.LogHelper [restartedMain] HHH000204: Processing PersistenceUnitInfo [name: default]
2022-10-06 13:11:25,290 INFO org.hibernate.Version [restartedMain] HHH000412: Hibernate ORM core version 5.6.10.Final
2022-10-06 13:11:25,398 INFO org.hibernate.annotations.common.reflection.java.JavaReflectionManager [restartedMain] HCANN000001: Hibernate Commons Annotations {5.1.2.Final}
2022-10-06 13:11:25,501 INFO com.zaxxer.hikari.HikariDataSource [restartedMain] HikariPool-1 - Starting...
2022-10-06 13:11:25,575 INFO com.zaxxer.hikari.HikariDataSource [restartedMain] HikariPool-1 - Start completed.
2022-10-06 13:11:25,598 INFO org.hibernate.dialect.Dialect [restartedMain] HHH000400: Using dialect: org.hibernate.dialect.PostgreSQL10Dialect
2022-10-06 13:11:26,254 INFO org.hibernate.tuple.PojoInstantiator [restartedMain] HHH000182: No default (no-argument) constructor for class: ua.com.andromeda.cinemaspringbootapp.model.TicketType (class must be instantiated by Interceptor)
2022-10-06 13:11:26,654 INFO org.hibernate.engine.transaction.jta.platform.internal.JtaPlatformInitiator [restartedMain] HHH000490: Using JtaPlatform implementation: [org.hibernate.engine.transaction.jta.platform.internal.NoJtaPlatform]
2022-10-06 13:11:26,664 INFO org.springframework.orm.jpa.AbstractEntityManagerFactoryBean [restartedMain] Initialized JPA EntityManagerFactory for persistence unit 'default'
2022-10-06 13:11:27,174 INFO org.springframework.security.web.DefaultSecurityFilterChain [restartedMain] Will secure any request with [org.springframework.security.web.session.DisableEncodeUrlFilter@148c3208, org.springframework.security.web.context.request.async.WebAsyncManagerIntegrationFilter@64704fea, org.springframework.security.web.context.SecurityContextPersistenceFilter@5b2f1e7d, org.springframework.security.web.header.HeaderWriterFilter@3f6fe225, org.springframework.security.web.csrf.CsrfFilter@68ceceb8, org.springframework.security.web.authentication.logout.LogoutFilter@4911de9f, org.springframework.security.web.authentication.UsernamePasswordAuthenticationFilter@3f714fce, org.springframework.security.web.authentication.ui.DefaultLoginPageGeneratingFilter@4ee48563, org.springframework.security.web.authentication.ui.DefaultLogoutPageGeneratingFilter@51ca7395, org.springframework.security.web.savedrequest.RequestCacheAwareFilter@3cc45e7, org.springframework.security.web.servletapi.SecurityContextHolderAwareRequestFilter@68aaee1d, org.springframework.security.web.authentication.AnonymousAuthenticationFilter@18105b67, org.springframework.security.web.session.SessionManagementFilter@372085c6, org.springframework.security.web.access.ExceptionTranslationFilter@2c4654f6, org.springframework.security.web.access.intercept.FilterSecurityInterceptor@75be20e8]
2022-10-06 13:11:27,430 INFO org.springframework.boot.devtools.autoconfigure.OptionalLiveReloadServer [restartedMain] LiveReload server is running on port 35729
2022-10-06 13:11:27,450 INFO org.apache.juli.logging.DirectJDKLog [restartedMain] Starting ProtocolHandler ["http-nio-8080"]
2022-10-06 13:11:27,471 INFO org.springframework.boot.web.embedded.tomcat.TomcatWebServer [restartedMain] Tomcat started on port(s): 8080 (http) with context path ''
2022-10-06 13:11:27,484 INFO org.springframework.boot.StartupInfoLogger [restartedMain] Started CinemaSpringBootAppApplication in 3.732 seconds (JVM running for 4.266)
2022-10-06 13:11:27,845 INFO org.apache.juli.logging.DirectJDKLog [http-nio-8080-exec-2] Initializing Spring DispatcherServlet 'dispatcherServlet'
2022-10-06 13:11:27,845 INFO org.springframework.web.servlet.FrameworkServlet [http-nio-8080-exec-2] Initializing Servlet 'dispatcherServlet'
2022-10-06 13:11:27,846 INFO org.springframework.web.servlet.FrameworkServlet [http-nio-8080-exec-2] Completed initialization in 0 ms
2022-10-06 13:12:08,766 INFO ua.com.andromeda.cinemaspringbootapp.model.User [http-nio-8080-exec-9] Saved user : User(id=null, login=Fluffy, email=fluffy@gmail.com, password=$2a$10$vvf84W6DaYqcBleCoH1M7uNqOHXX/fWiBU1qE/QNgfEMgL/yWyHaC)
2022-10-06 13:14:32,555 INFO ua.com.andromeda.cinemaspringbootapp.controller.UserController [http-nio-8080-exec-3] super1 updated user: User(id=e081b5f2-5c64-49c2-934c-a3dfa9515034, login=client1234, email=Andromeda1234@client.com, password=client1234)
2022-10-06 13:14:32,568 INFO ua.com.andromeda.cinemaspringbootapp.model.User [http-nio-8080-exec-3] User after updating : User(id=e081b5f2-5c64-49c2-934c-a3dfa9515034, login=client1234, email=Andromeda1234@client.com, password=client1234)
2022-10-06 13:15:41,834 INFO ua.com.andromeda.cinemaspringbootapp.model.User [http-nio-8080-exec-7] Deleted user: User(id=e081b5f2-5c64-49c2-934c-a3dfa9515034, login=client1234, email=Andromeda1234@client.com, password=client1234)
2022-10-06 13:16:22,088 INFO org.springframework.boot.devtools.autoconfigure.LocalDevToolsAutoConfiguration$RestartingClassPathChangeChangedEventListener [File Watcher] Restarting due to 1 class path change (0 additions, 1 deletion, 0 modifications)
2022-10-06 13:16:22,115 INFO org.apache.juli.logging.DirectJDKLog [Thread-5] Pausing ProtocolHandler ["http-nio-8080"]
2022-10-06 13:16:22,116 INFO org.apache.juli.logging.DirectJDKLog [Thread-5] Stopping service [Tomcat]
2022-10-06 13:16:22,117 INFO org.apache.juli.logging.DirectJDKLog [Thread-5] Destroying Spring FrameworkServlet 'dispatcherServlet'
2022-10-06 13:16:22,125 INFO org.apache.juli.logging.DirectJDKLog [Thread-5] Stopping ProtocolHandler ["http-nio-8080"]
2022-10-06 13:16:22,127 INFO org.apache.juli.logging.DirectJDKLog [Thread-5] Destroying ProtocolHandler ["http-nio-8080"]
2022-10-06 13:16:22,130 INFO org.springframework.orm.jpa.AbstractEntityManagerFactoryBean [Thread-5] Closing JPA EntityManagerFactory for persistence unit 'default'
2022-10-06 13:16:22,132 INFO com.zaxxer.hikari.HikariDataSource [Thread-5] HikariPool-1 - Shutdown initiated...
2022-10-06 13:16:22,134 INFO com.zaxxer.hikari.HikariDataSource [Thread-5] HikariPool-1 - Shutdown completed.
2022-10-06 13:16:22,209 INFO org.springframework.boot.StartupInfoLogger [restartedMain] Starting CinemaSpringBootAppApplication using Java 17.0.3.1 on DESKTOP-VPT1KM9 with PID 768 (C:\Users\Andrrr\IdeaProjects\CinemaSpringBootApp\target\classes started by Andrrr in C:\Users\Andrrr\IdeaProjects\CinemaSpringBootApp)
2022-10-06 13:16:22,210 DEBUG org.springframework.boot.StartupInfoLogger [restartedMain] Running with Spring Boot v2.7.3, Spring v5.3.22
2022-10-06 13:16:22,210 INFO org.springframework.boot.SpringApplication [restartedMain] No active profile set, falling back to 1 default profile: "default"
2022-10-06 21:02:59,521 INFO org.springframework.boot.StartupInfoLogger [restartedMain] Starting CinemaSpringBootAppApplication using Java 17.0.3.1 on DESKTOP-VPT1KM9 with PID 16188 (C:\Users\Andrrr\IdeaProjects\CinemaSpringBootApp\target\classes started by Andrrr in C:\Users\Andrrr\IdeaProjects\CinemaSpringBootApp)
2022-10-06 21:02:59,522 DEBUG org.springframework.boot.StartupInfoLogger [restartedMain] Running with Spring Boot v2.7.3, Spring v5.3.22
2022-10-06 21:02:59,522 INFO org.hibernate.validator.internal.util.Version [background-preinit] HV000001: Hibernate Validator 6.2.4.Final
2022-10-06 21:02:59,523 INFO org.springframework.boot.SpringApplication [restartedMain] No active profile set, falling back to 1 default profile: "default"
2022-10-06 21:02:59,564 INFO org.springframework.boot.logging.DeferredLog [restartedMain] Devtools property defaults active! Set 'spring.devtools.add-properties' to 'false' to disable
2022-10-06 21:02:59,564 INFO org.springframework.boot.logging.DeferredLog [restartedMain] For additional web related logging consider setting the 'logging.level.web' property to 'DEBUG'
2022-10-06 21:03:00,027 INFO org.springframework.data.repository.config.RepositoryConfigurationDelegate [restartedMain] Bootstrapping Spring Data JPA repositories in DEFAULT mode.
2022-10-06 21:03:00,073 INFO org.springframework.data.repository.config.RepositoryConfigurationDelegate [restartedMain] Finished Spring Data repository scanning in 40 ms. Found 5 JPA repository interfaces.
2022-10-06 21:03:00,565 INFO org.springframework.boot.web.embedded.tomcat.TomcatWebServer [restartedMain] Tomcat initialized with port(s): 8080 (http)
2022-10-06 21:03:00,571 INFO org.apache.juli.logging.DirectJDKLog [restartedMain] Initializing ProtocolHandler ["http-nio-8080"]
2022-10-06 21:03:00,572 INFO org.apache.juli.logging.DirectJDKLog [restartedMain] Starting service [Tomcat]
2022-10-06 21:03:00,572 INFO org.apache.juli.logging.DirectJDKLog [restartedMain] Starting Servlet engine: [Apache Tomcat/9.0.65]
2022-10-06 21:03:00,621 INFO org.apache.juli.logging.DirectJDKLog [restartedMain] Initializing Spring embedded WebApplicationContext
2022-10-06 21:03:00,621 INFO org.springframework.boot.web.servlet.context.ServletWebServerApplicationContext [restartedMain] Root WebApplicationContext: initialization completed in 1056 ms
2022-10-06 21:03:00,733 INFO org.flywaydb.core.internal.logging.slf4j.Slf4jLog [restartedMain] Flyway Community Edition 8.5.13 by Redgate
2022-10-06 21:03:00,733 INFO org.flywaydb.core.internal.logging.slf4j.Slf4jLog [restartedMain] See what's new here: https://flywaydb.org/documentation/learnmore/releaseNotes#8.5.13
2022-10-06 21:03:00,733 INFO org.flywaydb.core.internal.logging.slf4j.Slf4jLog [restartedMain] 
2022-10-06 21:03:00,956 INFO org.flywaydb.core.internal.logging.slf4j.Slf4jLog [restartedMain] Database: jdbc:postgresql://localhost:5432/cinema (PostgreSQL 14.5)
2022-10-06 21:03:01,051 INFO org.flywaydb.core.internal.logging.slf4j.Slf4jLog [restartedMain] Successfully validated 12 migrations (execution time 00:00.067s)
2022-10-06 21:03:01,056 INFO org.flywaydb.core.internal.logging.slf4j.Slf4jLog [restartedMain] Current version of schema "public": 4.1
2022-10-06 21:03:01,057 INFO org.flywaydb.core.internal.logging.slf4j.Slf4jLog [restartedMain] Schema "public" is up to date. No migration necessary.
2022-10-06 21:03:01,093 INFO org.hibernate.jpa.internal.util.LogHelper [restartedMain] HHH000204: Processing PersistenceUnitInfo [name: default]
2022-10-06 21:03:01,129 INFO org.hibernate.Version [restartedMain] HHH000412: Hibernate ORM core version 5.6.10.Final
2022-10-06 21:03:01,231 INFO org.hibernate.annotations.common.reflection.java.JavaReflectionManager [restartedMain] HCANN000001: Hibernate Commons Annotations {5.1.2.Final}
2022-10-06 21:03:01,297 INFO com.zaxxer.hikari.HikariDataSource [restartedMain] HikariPool-1 - Starting...
2022-10-06 21:03:01,337 INFO com.zaxxer.hikari.HikariDataSource [restartedMain] HikariPool-1 - Start completed.
2022-10-06 21:03:01,351 INFO org.hibernate.dialect.Dialect [restartedMain] HHH000400: Using dialect: org.hibernate.dialect.PostgreSQL10Dialect
2022-10-06 21:03:01,728 INFO org.hibernate.tuple.PojoInstantiator [restartedMain] HHH000182: No default (no-argument) constructor for class: ua.com.andromeda.cinemaspringbootapp.model.TicketType (class must be instantiated by Interceptor)
2022-10-06 21:03:01,990 INFO org.hibernate.engine.transaction.jta.platform.internal.JtaPlatformInitiator [restartedMain] HHH000490: Using JtaPlatform implementation: [org.hibernate.engine.transaction.jta.platform.internal.NoJtaPlatform]
2022-10-06 21:03:01,996 INFO org.springframework.orm.jpa.AbstractEntityManagerFactoryBean [restartedMain] Initialized JPA EntityManagerFactory for persistence unit 'default'
2022-10-06 21:03:02,377 INFO org.springframework.security.web.DefaultSecurityFilterChain [restartedMain] Will secure any request with [org.springframework.security.web.session.DisableEncodeUrlFilter@5a751360, org.springframework.security.web.context.request.async.WebAsyncManagerIntegrationFilter@685f6bce, org.springframework.security.web.context.SecurityContextPersistenceFilter@149eb6b3, org.springframework.security.web.header.HeaderWriterFilter@79bbf1f3, org.springframework.security.web.csrf.CsrfFilter@264e3346, org.springframework.security.web.authentication.logout.LogoutFilter@2181d064, org.springframework.security.web.authentication.UsernamePasswordAuthenticationFilter@4409a81a, org.springframework.security.web.authentication.ui.DefaultLoginPageGeneratingFilter@2c6ca356, org.springframework.security.web.authentication.ui.DefaultLogoutPageGeneratingFilter@619f57a7, org.springframework.security.web.savedrequest.RequestCacheAwareFilter@4257bfe9, org.springframework.security.web.servletapi.SecurityContextHolderAwareRequestFilter@78210372, org.springframework.security.web.authentication.AnonymousAuthenticationFilter@83a7aa3, org.springframework.security.web.session.SessionManagementFilter@2e6ec6cf, org.springframework.security.web.access.ExceptionTranslationFilter@dfda3df, org.springframework.security.web.access.intercept.FilterSecurityInterceptor@2b006b64]
2022-10-06 21:03:02,635 INFO org.springframework.boot.devtools.autoconfigure.OptionalLiveReloadServer [restartedMain] LiveReload server is running on port 35729
2022-10-06 21:03:02,648 INFO org.apache.juli.logging.DirectJDKLog [restartedMain] Starting ProtocolHandler ["http-nio-8080"]
2022-10-06 21:03:02,666 INFO org.springframework.boot.web.embedded.tomcat.TomcatWebServer [restartedMain] Tomcat started on port(s): 8080 (http) with context path ''
2022-10-06 21:03:02,675 INFO org.springframework.boot.StartupInfoLogger [restartedMain] Started CinemaSpringBootAppApplication in 3.503 seconds (JVM running for 4.282)
2022-10-06 21:03:03,397 INFO org.apache.juli.logging.DirectJDKLog [http-nio-8080-exec-2] Initializing Spring DispatcherServlet 'dispatcherServlet'
2022-10-06 21:03:03,398 INFO org.springframework.web.servlet.FrameworkServlet [http-nio-8080-exec-2] Initializing Servlet 'dispatcherServlet'
2022-10-06 21:03:03,399 INFO org.springframework.web.servlet.FrameworkServlet [http-nio-8080-exec-2] Completed initialization in 1 ms
2022-10-06 21:03:18,618 INFO org.springframework.orm.jpa.AbstractEntityManagerFactoryBean [SpringApplicationShutdownHook] Closing JPA EntityManagerFactory for persistence unit 'default'
2022-10-06 21:03:18,622 INFO com.zaxxer.hikari.HikariDataSource [SpringApplicationShutdownHook] HikariPool-1 - Shutdown initiated...
2022-10-06 21:03:18,624 INFO com.zaxxer.hikari.HikariDataSource [SpringApplicationShutdownHook] HikariPool-1 - Shutdown completed.
